Traceback (most recent call last):
  File "C:\Users\lizzi\Downloads\git_projects\chartering\chart_env\Lib\site-packages\jupyter_cache\executors\utils.py", line 58, in single_nb_execution
    executenb(
    ~~~~~~~~~^
        nb,
        ^^^
    ...<4 lines>...
        **kwargs,
        ^^^^^^^^^
    )
    ^
  File "C:\Users\lizzi\Downloads\git_projects\chartering\chart_env\Lib\site-packages\nbclient\client.py", line 1314, in execute
    return NotebookClient(nb=nb, resources=resources, km=km, **kwargs).execute()
           ~~~~~~~~~~~~~~~~~~~~~~~~~~~~~~~~~~~~~~~~~~~~~~~~~~~~~~~~~~~~~~~~~~~^^
  File "C:\Users\lizzi\Downloads\git_projects\chartering\chart_env\Lib\site-packages\jupyter_core\utils\__init__.py", line 165, in wrapped
    return loop.run_until_complete(inner)
           ~~~~~~~~~~~~~~~~~~~~~~~^^^^^^^
  File "C:\Program Files\WindowsApps\PythonSoftwareFoundation.Python.3.13_3.13.240.0_x64__qbz5n2kfra8p0\Lib\asyncio\base_events.py", line 721, in run_until_complete
    return future.result()
           ~~~~~~~~~~~~~^^
  File "C:\Users\lizzi\Downloads\git_projects\chartering\chart_env\Lib\site-packages\nbclient\client.py", line 709, in async_execute
    await self.async_execute_cell(
        cell, index, execution_count=self.code_cells_executed + 1
    )
  File "C:\Users\lizzi\Downloads\git_projects\chartering\chart_env\Lib\site-packages\nbclient\client.py", line 1062, in async_execute_cell
    await self._check_raise_for_error(cell, cell_index, exec_reply)
  File "C:\Users\lizzi\Downloads\git_projects\chartering\chart_env\Lib\site-packages\nbclient\client.py", line 918, in _check_raise_for_error
    raise CellExecutionError.from_cell_and_msg(cell, exec_reply_content)
nbclient.exceptions.CellExecutionError: An error occurred while executing the following cell:
------------------
example_xml = f'<note type="speaker">The CHIEF WHIP OF THE MAJORITY PARTY:</note>
            <u xml:id="25-02-2020_u16" who="#ChiefWhipOfMajorityParty"> 
                <seg xml:lang="en">
                    Thank you very much, House Chair. As indicated on the Order Paper we shall proceed.
                </seg>'
example_txt = f'The CHIEF WHIP OF THE MAJORITY PARTY: Thank you very much, House Chair. As indicated on the Order Paper we shall proceed.'
question_1 = f'If given raw text: {example_txt} with the end goal: {example_xml}, can you adapt this: {chunk} into the same xml format?'
------------------


[1;36m  Cell [1;32mIn[1], line 1[1;36m[0m
[1;33m    example_xml = f'<note type="speaker">The CHIEF WHIP OF THE MAJORITY PARTY:</note>[0m
[1;37m                  ^[0m
[1;31mSyntaxError[0m[1;31m:[0m unterminated f-string literal (detected at line 1)


